<?xml version="1.0" encoding="UTF-8"?>
<testsuite xmlns:xsi="http://www.w3.org/2001/XMLSchema-instance" xsi:noNamespaceSchemaLocation="https://maven.apache.org/surefire/maven-surefire-plugin/xsd/surefire-test-report.xsd" name="com.castrejon.ramiro.hwk6.AppTest" time="0.094" tests="8" errors="0" skipped="0" failures="0">
  <properties>
[...]
</properties>
  <testcase name="shouldBeValidTriangle" classname="com.castrejon.ramiro.hwk6.AppTest" time="0.026"/>
  <testcase name="shouldAnswerWithTrue" classname="com.castrejon.ramiro.hwk6.AppTest" time="0.001"/>
  <testcase name="shouldBeScaleRightTriangle" classname="com.castrejon.ramiro.hwk6.AppTest" time="0.001"/>
  <testcase name="getArea" classname="com.castrejon.ramiro.hwk6.AppTest" time="0.001"/>
  <testcase name="getDistanceTest" classname="com.castrejon.ramiro.hwk6.AppTest" time="0.001"/>
  <testcase name="shouldBeIsosTriangle" classname="com.castrejon.ramiro.hwk6.AppTest" time="0"/>
  <testcase name="shouldBeNotValidTriangle" classname="com.castrejon.ramiro.hwk6.AppTest" time="0"/>
  <testcase name="shouldBeEquilateralTriangle" classname="com.castrejon.ramiro.hwk6.AppTest" time="0"/>
</testsuite>